<?xml version="1.0" encoding="UTF-8"?>
<testng-results ignored="0" total="2" passed="2" failed="0" skipped="0">
  <reporter-output>
  </reporter-output>
  <suite started-at="2021-07-29T03:16:12 EDT" name="Suite" finished-at="2021-07-29T03:16:36 EDT" duration-ms="23634">
    <groups>
    </groups>
    <test started-at="2021-07-29T03:16:12 EDT" name="Test" finished-at="2021-07-29T03:16:36 EDT" duration-ms="23634">
      <class name="Docker.Grid">
        <test-method signature="googleTest()[pri:0, instance:Docker.Grid@3c9d0b9d]" started-at="2021-07-29T03:16:12 EDT" name="googleTest" finished-at="2021-07-29T03:16:25 EDT" duration-ms="12521" status="PASS">
          <reporter-output>
          </reporter-output>
        </test-method> <!-- googleTest -->
      </class> <!-- Docker.Grid -->
      <class name="Docker.local">
        <test-method signature="googleTest()[pri:0, instance:Docker.local@43301423]" started-at="2021-07-29T03:16:25 EDT" name="googleTest" finished-at="2021-07-29T03:16:36 EDT" duration-ms="11079" status="PASS">
          <reporter-output>
          </reporter-output>
        </test-method> <!-- googleTest -->
      </class> <!-- Docker.local -->
    </test> <!-- Test -->
  </suite> <!-- Suite -->
</testng-results>
