<?xml version="1.0" encoding="UTF-8"?>
<testng-results ignored="0" total="2" passed="2" failed="0" skipped="0">
  <reporter-output>
  </reporter-output>
  <suite started-at="2021-07-29T04:44:24 EDT" name="Suite" finished-at="2021-07-29T04:44:50 EDT" duration-ms="25782">
    <groups>
    </groups>
    <test started-at="2021-07-29T04:44:24 EDT" name="Test" finished-at="2021-07-29T04:44:50 EDT" duration-ms="25782">
      <class name="Docker.Grid">
        <test-method signature="googleTest()[pri:0, instance:Docker.Grid@4e91d63f]" started-at="2021-07-29T04:44:24 EDT" name="googleTest" finished-at="2021-07-29T04:44:38 EDT" duration-ms="14143" status="PASS">
          <reporter-output>
          </reporter-output>
        </test-method> <!-- googleTest -->
      </class> <!-- Docker.Grid -->
      <class name="Docker.local">
        <test-method signature="googleTest()[pri:0, instance:Docker.local@d4342c2]" started-at="2021-07-29T04:44:38 EDT" name="googleTest" finished-at="2021-07-29T04:44:50 EDT" duration-ms="11597" status="PASS">
          <reporter-output>
          </reporter-output>
        </test-method> <!-- googleTest -->
      </class> <!-- Docker.local -->
    </test> <!-- Test -->
  </suite> <!-- Suite -->
</testng-results>
